(Loading /usr/local/share/perl/5.38.2/LaTeXML/Package/TeX.pool.ltxml...
(Loading /usr/local/share/perl/5.38.2/LaTeXML/Package/eTeX.pool.ltxml... 0.00 sec)
(Loading /usr/local/share/perl/5.38.2/LaTeXML/Package/pdfTeX.pool.ltxml... 0.00 sec) 0.08 sec)
latexmlc (LaTeXML version 0.8.8)
invoked as [/usr/local/bin/latexmlc /home/spinoza/github/released/pfc/papers/whitepaper.tex --dest /tmp/tmpn4f9jw2f/html/index.html --timeout=600 --format=html5]
processing started Tue Oct  7 12:54:31 2025
(Digesting TeX whitepaper...
(Processing content /home/spinoza/github/released/pfc/papers/whitepaper.tex...
(Loading /usr/local/share/perl/5.38.2/LaTeXML/Package/LaTeX.pool.ltxml...
(Loading /usr/local/share/perl/5.38.2/LaTeXML/Package/textcomp.sty.ltxml...
(Processing definitions /usr/share/texlive/texmf-dist/tex/latex/base/ts1enc.dfu... 0.01 sec) 0.57 sec) 0.73 sec)
(Loading /usr/local/share/perl/5.38.2/LaTeXML/Package/article.cls.ltxml... 0.01 sec)
(Loading /usr/local/share/perl/5.38.2/LaTeXML/Package/geometry.sty.ltxml...
(Loading /usr/local/share/perl/5.38.2/LaTeXML/Package/keyval.sty.ltxml...
(Processing definitions /usr/share/texlive/texmf-dist/tex/latex/graphics/keyval.sty... 0.01 sec) 0.01 sec)
(Loading /usr/local/share/perl/5.38.2/LaTeXML/Package/ifpdf.sty.ltxml... 0.00 sec)
(Loading /usr/local/share/perl/5.38.2/LaTeXML/Package/ifvtex.sty.ltxml...
(Loading /usr/local/share/perl/5.38.2/LaTeXML/Package/iftex.sty.ltxml... 0.00 sec) 0.00 sec)
(Loading /usr/local/share/perl/5.38.2/LaTeXML/Package/ifxetex.sty.ltxml... 0.00 sec) 0.02 sec)
(Loading /usr/local/share/perl/5.38.2/LaTeXML/Package/amsmath.sty.ltxml...
(Loading /usr/local/share/perl/5.38.2/LaTeXML/Package/amsbsy.sty.ltxml...
(Loading /usr/local/share/perl/5.38.2/LaTeXML/Package/amsgen.sty.ltxml... 0.00 sec) 0.00 sec)
(Loading /usr/local/share/perl/5.38.2/LaTeXML/Package/amstext.sty.ltxml... 0.00 sec)
(Loading /usr/local/share/perl/5.38.2/LaTeXML/Package/amsopn.sty.ltxml... 0.00 sec) 0.03 sec)
(Loading /usr/local/share/perl/5.38.2/LaTeXML/Package/amssymb.sty.ltxml...
(Loading /usr/local/share/perl/5.38.2/LaTeXML/Package/amsfonts.sty.ltxml... 0.00 sec) 0.01 sec)
(Loading /usr/local/share/perl/5.38.2/LaTeXML/Package/listings.sty.ltxml...
(Processing definitions /usr/share/texlive/texmf-dist/tex/latex/listings/listings.cfg... 0.01 sec) 0.05 sec)
(Loading /usr/local/share/perl/5.38.2/LaTeXML/Package/xcolor.sty.ltxml...
(Loading /usr/local/share/perl/5.38.2/LaTeXML/Package/color.sty.ltxml... 0.01 sec) 0.03 sec)
(Loading /usr/local/share/perl/5.38.2/LaTeXML/Package/hyperref.sty.ltxml...
(Loading /usr/local/share/perl/5.38.2/LaTeXML/Package/ltxcmds.sty.ltxml...
(Processing definitions /usr/share/texlive/texmf-dist/tex/generic/ltxcmds/ltxcmds.sty... 0.05 sec) 0.05 sec)
(Loading /usr/local/share/perl/5.38.2/LaTeXML/Package/kvsetkeys.sty.ltxml...
(Processing definitions /usr/share/texlive/texmf-dist/tex/latex/kvsetkeys/kvsetkeys.sty... 0.04 sec) 0.04 sec)
(Loading /usr/local/share/perl/5.38.2/LaTeXML/Package/kvdefinekeys.sty.ltxml...
(Processing definitions /usr/share/texlive/texmf-dist/tex/generic/kvdefinekeys/kvdefinekeys.sty... 0.01 sec) 0.02 sec)
(Loading /usr/local/share/perl/5.38.2/LaTeXML/Package/kvoptions.sty.ltxml...
(Processing definitions /usr/share/texlive/texmf-dist/tex/latex/kvoptions/kvoptions.sty... 0.08 sec) 0.08 sec)
(Loading /usr/local/share/perl/5.38.2/LaTeXML/Package/nameref.sty.ltxml...
(Loading /usr/local/share/perl/5.38.2/LaTeXML/Package/refcount.sty.ltxml...
(Processing definitions /usr/share/texlive/texmf-dist/tex/latex/refcount/refcount.sty...
(Loading /usr/local/share/perl/5.38.2/LaTeXML/Package/infwarerr.sty.ltxml...
(Processing definitions /usr/share/texlive/texmf-dist/tex/generic/infwarerr/infwarerr.sty... 0.03 sec) 0.03 sec) 0.06 sec) 0.06 sec)
(Loading /usr/local/share/perl/5.38.2/LaTeXML/Package/gettitlestring.sty.ltxml...
(Processing definitions /usr/share/texlive/texmf-dist/tex/generic/gettitlestring/gettitlestring.sty... 0.21 sec) 0.21 sec) 0.28 sec)
(Loading /usr/local/share/perl/5.38.2/LaTeXML/Package/url.sty.ltxml... 0.00 sec)
(Loading /usr/local/share/perl/5.38.2/LaTeXML/Package/bitset.sty.ltxml...
(Processing definitions /usr/share/texlive/texmf-dist/tex/generic/bitset/bitset.sty...
(Loading /usr/local/share/perl/5.38.2/LaTeXML/Package/intcalc.sty.ltxml...
(Processing definitions /usr/share/texlive/texmf-dist/tex/generic/intcalc/intcalc.sty... 0.03 sec) 0.03 sec)
(Loading /usr/local/share/perl/5.38.2/LaTeXML/Package/bigintcalc.sty.ltxml...
(Processing definitions /usr/share/texlive/texmf-dist/tex/generic/bigintcalc/bigintcalc.sty...
(Loading /usr/local/share/perl/5.38.2/LaTeXML/Package/pdftexcmds.sty.ltxml... 0.00 sec) 0.09 sec) 0.09 sec) 0.22 sec) 0.22 sec) 0.74 sec)
(Loading /usr/local/share/perl/5.38.2/LaTeXML/Package/booktabs.sty.ltxml... 0.00 sec)
(Loading /usr/local/share/perl/5.38.2/LaTeXML/Package/graphicx.sty.ltxml...
(Loading /usr/local/share/perl/5.38.2/LaTeXML/Package/graphics.sty.ltxml... 0.00 sec) 0.01 sec)
(Loading /usr/local/share/perl/5.38.2/LaTeXML/Package/enumitem.sty.ltxml... 0.01 sec)
(Processing definitions /usr/share/texlive/texmf-dist/tex/latex/listings/lstlang1.sty... 0.57 sec) 6.65 sec) 6.66 sec)
(Building...
(Loading compiled schema /usr/local/share/perl/5.38.2/LaTeXML/resources/RelaxNG/LaTeXML.model... 0.00 sec) 1.82 sec)
(Rewriting... 0.01 sec)
(Math Parsing 39 formulae ...... 0.18 sec)
Math parsing succeeded:
   ltx:XMath: 39/39
   ltx:XMArg: 21/21
Symbols assumed as simple identifiers (with # of occurences):
   'E{italic}' (2), 'L{italic}' (2), 'O{italic}' (6), 'R{italic}' (1), 'S{italic}' (1), 'X{italic}' (2), '_' (4), 'b{italic}' (9), 'c{italic}' (1), 'e{italic}' (9), 'f{italic}' (4), 'i{italic}' (9), 'k{italic}' (10), 'n{italic}' (12), 'o{italic}' (4), 'p{italic}' (4), 'q{italic}' (1), 'r{italic}' (1), 's{italic}' (8), 't{italic}' (4), 'z{italic}' (8)
Set MATHPARSER_SPECULATE to speculate on possible notations.
(Finalizing... 0.29 sec)
Conversion complete: No obvious problems
(post-processing...
(Scan index.html processing...
Scan: DBStatus: 644/0 objects
 0.10 sec)
(MakeBibliography index.html processing... 0.00 sec)
(CrossRef index.html processing... 0.03 sec)
(MathML::Presentation index.html 39 to process...
converted 39 Maths
 0.04 sec)
(XSLT[using LaTeXML-html5.xsl] index.html processing... 0.16 sec)
(Writer index.html processing... 0.00 sec) 0.34 sec)
Post-processing complete: No obvious problems
processing finished Tue Oct  7 12:54:40 2025
Status:conversion:0
